Using pre-set license
Built from '2020.3/release' branch; Version is '2020.3.27f1 (e759542391ea) revision 15161684'; Using compiler version '192528614'; Build Type 'Release'
OS: 'Windows 10  (10.0.18363) 64bit Professional' Language: 'ja' Physical Memory: 32688 MB
BatchMode: 1, IsHumanControllingUs: 0, StartBugReporterOnCrash: 0, Is64bit: 1, IsPro: 0

COMMAND LINE ARGUMENTS:
C:\Program Files\Unity\Hub\Editor\2020.3.27f1\Editor\Unity.exe
-adb2
-batchMode
-noUpm
-name
AssetImportWorker0
-projectPath
C:/Users/nkc19/OneDrive/デスクトップ/gameAward22/StudySharder
-logFile
Logs/AssetImportWorker0.log
-srvPort
61253
Successfully changed project path to: C:/Users/nkc19/OneDrive/デスクトップ/gameAward22/StudySharder
C:/Users/nkc19/OneDrive/デスクトップ/gameAward22/StudySharder
Using Asset Import Pipeline V2.
Refreshing native plugins compatible for Editor in 25.15 ms, found 2 plugins.
Preloading 0 native plugins for Editor in 0.00 ms.
Initialize engine version: 2020.3.27f1 (e759542391ea)
[Subsystems] Discovering subsystems at path C:/Program Files/Unity/Hub/Editor/2020.3.27f1/Editor/Data/Resources/UnitySubsystems
[Subsystems] Discovering subsystems at path C:/Users/nkc19/OneDrive/デスクトップ/gameAward22/StudySharder/Assets
GfxDevice: creating device client; threaded=0
Direct3D:
    Version:  Direct3D 11.0 [level 11.1]
    Renderer: NVIDIA GeForce RTX 2080 Ti (ID=0x1e07)
    Vendor:   
    VRAM:     11049 MB
    Driver:   27.21.14.5671
Initialize mono
Mono path[0] = 'C:/Program Files/Unity/Hub/Editor/2020.3.27f1/Editor/Data/Managed'
Mono path[1] = 'C:/Program Files/Unity/Hub/Editor/2020.3.27f1/Editor/Data/MonoBleedingEdge/lib/mono/unityjit'
Mono config path = 'C:/Program Files/Unity/Hub/Editor/2020.3.27f1/Editor/Data/MonoBleedingEdge/etc'
Using monoOptions --debugger-agent=transport=dt_socket,embedding=1,server=y,suspend=n,address=127.0.0.1:56732
Begin MonoManager ReloadAssembly
Registering precompiled unity dll's ...
Register platform support module: C:/Program Files/Unity/Hub/Editor/2020.3.27f1/Editor/Data/PlaybackEngines/WebGLSupport/UnityEditor.WebGL.Extensions.dll
Register platform support module: C:/Program Files/Unity/Hub/Editor/2020.3.27f1/Editor/Data/PlaybackEngines/MacStandaloneSupport/UnityEditor.OSXStandalone.Extensions.dll
Register platform support module: C:/Program Files/Unity/Hub/Editor/2020.3.27f1/Editor/Data/PlaybackEngines/WindowsStandaloneSupport/UnityEditor.WindowsStandalone.Extensions.dll
Registered in 0.002127 seconds.
Native extension for WindowsStandalone target not found
Native extension for OSXStandalone target not found
Native extension for WebGL target not found
Refreshing native plugins compatible for Editor in 23.70 ms, found 2 plugins.
Preloading 0 native plugins for Editor in 0.00 ms.
Mono: successfully reloaded assembly
- Completed reload, in  0.473 seconds
Domain Reload Profiling:
	ReloadAssembly (474ms)
		BeginReloadAssembly (53ms)
			ExecutionOrderSort (0ms)
			DisableScriptedObjects (0ms)
			BackupInstance (0ms)
			ReleaseScriptingObjects (0ms)
			CreateAndSetChildDomain (1ms)
		EndReloadAssembly (362ms)
			LoadAssemblies (52ms)
			RebuildTransferFunctionScriptingTraits (0ms)
			SetupTypeCache (120ms)
			ReleaseScriptCaches (0ms)
			RebuildScriptCaches (26ms)
			SetupLoadedEditorAssemblies (131ms)
				LogAssemblyErrors (0ms)
				InitializePlatformSupportModulesInManaged (5ms)
				SetLoadedEditorAssemblies (0ms)
				RefreshPlugins (24ms)
				BeforeProcessingInitializeOnLoad (14ms)
				ProcessInitializeOnLoadAttributes (65ms)
				ProcessInitializeOnLoadMethodAttributes (23ms)
				AfterProcessingInitializeOnLoad (0ms)
				EditorAssembliesLoaded (0ms)
			ExecutionOrderSort2 (0ms)
			AwakeInstancesAfterBackupRestoration (0ms)
Platform modules already initialized, skipping
Registering precompiled user dll's ...
Registered in 0.003982 seconds.
Begin MonoManager ReloadAssembly
Native extension for WindowsStandalone target not found
Native extension for OSXStandalone target not found
Native extension for WebGL target not found
Refreshing native plugins compatible for Editor in 0.29 ms, found 2 plugins.
Preloading 0 native plugins for Editor in 0.00 ms.
Mono: successfully reloaded assembly
- Completed reload, in  0.818 seconds
Domain Reload Profiling:
	ReloadAssembly (819ms)
		BeginReloadAssembly (124ms)
			ExecutionOrderSort (0ms)
			DisableScriptedObjects (4ms)
			BackupInstance (0ms)
			ReleaseScriptingObjects (0ms)
			CreateAndSetChildDomain (18ms)
		EndReloadAssembly (645ms)
			LoadAssemblies (77ms)
			RebuildTransferFunctionScriptingTraits (0ms)
			SetupTypeCache (225ms)
			ReleaseScriptCaches (0ms)
			RebuildScriptCaches (33ms)
			SetupLoadedEditorAssemblies (244ms)
				LogAssemblyErrors (0ms)
				InitializePlatformSupportModulesInManaged (5ms)
				SetLoadedEditorAssemblies (0ms)
				RefreshPlugins (0ms)
				BeforeProcessingInitializeOnLoad (65ms)
				ProcessInitializeOnLoadAttributes (160ms)
				ProcessInitializeOnLoadMethodAttributes (7ms)
				AfterProcessingInitializeOnLoad (5ms)
				EditorAssembliesLoaded (0ms)
			ExecutionOrderSort2 (0ms)
			AwakeInstancesAfterBackupRestoration (5ms)
Platform modules already initialized, skipping
========================================================================
Worker process is ready to serve import requests
Launched and connected shader compiler UnityShaderCompiler.exe after 0.06 seconds
Refreshing native plugins compatible for Editor in 0.30 ms, found 2 plugins.
Preloading 0 native plugins for Editor in 0.00 ms.
Unloading 1503 Unused Serialized files (Serialized files now loaded: 0)
System memory in use before: 70.2 MB.
System memory in use after: 70.3 MB.

Unloading 19 unused Assets to reduce memory usage. Loaded Objects now: 1935.
Total: 2.679300 ms (FindLiveObjects: 0.135100 ms CreateObjectMapping: 0.035700 ms MarkObjects: 2.438600 ms  DeleteObjects: 0.069000 ms)

AssetImportParameters requested are different than current active one (requested -> active):
  custom:framework-win-MediaFoundation: 216162199b28c13a410421893ffa2e32 -> 
  custom:video-decoder-ogg-theora: a1e56fd34408186e4bbccfd4996cb3dc -> 
  custom:container-muxer-webm: aa71ff27fc2769a1b78a27578f13a17b -> 
  custom:container-demuxer-webm: 4f35f7cbe854078d1ac9338744f61a02 -> 
  custom:container-demuxer-ogg: 62fdf1f143b41e24485cea50d1cbac27 -> 
  custom:video-encoder-webm-vp8: eb34c28f22e8b96e1ab97ce403110664 -> 
  custom:video-decoder-webm-vp8: 9c59270c3fd7afecdb556c50c9e8de78 -> 
  custom:audio-decoder-ogg-vorbis: bf7c407c2cedff20999df2af8eb42d56 -> 
  custom:audio-encoder-webm-vorbis: bf7c407c2cedff20999df2af8eb42d56 -> 
========================================================================
Received Import Request.
  path: Assets
  artifactKey: Guid(00000000000000001000000000000000) Importer(815301076,1909f56bfc062723c751e8b465ee728b)
Start importing Assets using Guid(00000000000000001000000000000000) Importer(815301076,1909f56bfc062723c751e8b465ee728b)  -> (artifact id: '42d402b061de3733987d63b9cc3b64de') in 0.007644 seconds 
  Import took 0.009533 seconds .

========================================================================
Received Import Request.
  Time since last request: 4.564881 seconds.
  path: Assets/Matelial
  artifactKey: Guid(c0207e6acb60c9a429e4db53396ae8f3) Importer(815301076,1909f56bfc062723c751e8b465ee728b)
Start importing Assets/Matelial using Guid(c0207e6acb60c9a429e4db53396ae8f3) Importer(815301076,1909f56bfc062723c751e8b465ee728b)  -> (artifact id: '28bd9423fff65c0c56f866dc21c19136') in 0.004882 seconds 
  Import took 0.006748 seconds .

========================================================================
Received Import Request.
  Time since last request: 18.581261 seconds.
  path: Assets/Sharder
  artifactKey: Guid(5acf710b52153224b897a336866f1aa4) Importer(815301076,1909f56bfc062723c751e8b465ee728b)
Start importing Assets/Sharder using Guid(5acf710b52153224b897a336866f1aa4) Importer(815301076,1909f56bfc062723c751e8b465ee728b)  -> (artifact id: 'fbdcdbe56a9213471e78ecd2300b34dd') in 0.009072 seconds 
  Import took 0.011391 seconds .

========================================================================
Received Import Request.
  Time since last request: 18.657069 seconds.
  path: Assets/Sharder/sample.shader
  artifactKey: Guid(159ac89528d0eb34a991b3ee697b6373) Importer(815301076,1909f56bfc062723c751e8b465ee728b)
Start importing Assets/Sharder/sample.shader using Guid(159ac89528d0eb34a991b3ee697b6373) Importer(815301076,1909f56bfc062723c751e8b465ee728b)  -> (artifact id: '434aa37d9219b699b3e0a478f277160c') in 0.034219 seconds 
  Import took 0.036458 seconds .

========================================================================
Received Import Request.
  Time since last request: 22.192791 seconds.
  path: Assets/Sharder/sample.mat
  artifactKey: Guid(6ace8fca842060d4fa85fa4557f384d5) Importer(815301076,1909f56bfc062723c751e8b465ee728b)
Start importing Assets/Sharder/sample.mat using Guid(6ace8fca842060d4fa85fa4557f384d5) Importer(815301076,1909f56bfc062723c751e8b465ee728b)  -> (artifact id: 'e12472019a69088122fbc9d0578fdf42') in 0.083875 seconds 
  Import took 0.086180 seconds .

========================================================================
Received Import Request.
  Time since last request: 167.722886 seconds.
  path: Assets/ShaderSample/ProjectSettings
  artifactKey: Guid(265e63b5a4be8fe43896ab434e89fbd4) Importer(815301076,1909f56bfc062723c751e8b465ee728b)
Start importing Assets/ShaderSample/ProjectSettings using Guid(265e63b5a4be8fe43896ab434e89fbd4) Importer(815301076,1909f56bfc062723c751e8b465ee728b)  -> (artifact id: 'c62205ba87204d6d9ee7f4d28f2a76c2') in 0.004660 seconds 
  Import took 0.006888 seconds .

========================================================================
Received Import Request.
  Time since last request: 4.280541 seconds.
  path: Assets/ShaderSample/Assets
  artifactKey: Guid(08dcda6a6d1cd0648a146347b29fa9fb) Importer(815301076,1909f56bfc062723c751e8b465ee728b)
Start importing Assets/ShaderSample/Assets using Guid(08dcda6a6d1cd0648a146347b29fa9fb) Importer(815301076,1909f56bfc062723c751e8b465ee728b)  -> (artifact id: '6283ce069e11a3c781f1755116d4a50e') in 0.005215 seconds 
  Import took 0.007457 seconds .

========================================================================
Received Import Request.
  Time since last request: 1.760586 seconds.
  path: Assets/ShaderSample/Assets/Scene
  artifactKey: Guid(96215ab5ab0a243b7bf3fbbf1bbf0b9a) Importer(815301076,1909f56bfc062723c751e8b465ee728b)
Start importing Assets/ShaderSample/Assets/Scene using Guid(96215ab5ab0a243b7bf3fbbf1bbf0b9a) Importer(815301076,1909f56bfc062723c751e8b465ee728b)  -> (artifact id: 'fe7b29a133176fac4208ef1c3b3db2b3') in 0.004749 seconds 
  Import took 0.006718 seconds .

========================================================================
Received Import Request.
  Time since last request: 0.071172 seconds.
  path: Assets/ShaderSample/Assets/Scene/20_Subway_Lights_3k.hdr
  artifactKey: Guid(5e5bd07eb98164d199666ca60821f529) Importer(815301076,1909f56bfc062723c751e8b465ee728b)
Start importing Assets/ShaderSample/Assets/Scene/20_Subway_Lights_3k.hdr using Guid(5e5bd07eb98164d199666ca60821f529) Importer(815301076,1909f56bfc062723c751e8b465ee728b)  -> (artifact id: '6b8f5b4b2f7bc3540b5cb108b6618c14') in 0.048180 seconds 
  Import took 0.050180 seconds .

========================================================================
Received Import Request.
  Time since last request: 0.000189 seconds.
  path: Assets/ShaderSample/Assets/Scene/skybox.mat
  artifactKey: Guid(2d91a49085c3649b298fbc27631b620e) Importer(815301076,1909f56bfc062723c751e8b465ee728b)
Start importing Assets/ShaderSample/Assets/Scene/skybox.mat using Guid(2d91a49085c3649b298fbc27631b620e) Importer(815301076,1909f56bfc062723c751e8b465ee728b)  -> (artifact id: 'da61897392fcff871412e548e73f8931') in 0.039878 seconds 
  Import took 0.041712 seconds .

========================================================================
Received Import Request.
  Time since last request: 17.133570 seconds.
  path: Assets/ShaderSample/Assets/Models
  artifactKey: Guid(de2b2e88c3ffa48fa85763e348fa8b8c) Importer(815301076,1909f56bfc062723c751e8b465ee728b)
Start importing Assets/ShaderSample/Assets/Models using Guid(de2b2e88c3ffa48fa85763e348fa8b8c) Importer(815301076,1909f56bfc062723c751e8b465ee728b)  -> (artifact id: '80e9e49f79fafedd38d9005f26a760ed') in 0.005793 seconds 
  Import took 0.008026 seconds .

========================================================================
Received Import Request.
  Time since last request: 0.086524 seconds.
  path: Assets/ShaderSample/Assets/Models/dragon.fbx
  artifactKey: Guid(e2c4bb28fe6964f40b3b83cc2d8eec54) Importer(815301076,1909f56bfc062723c751e8b465ee728b)
Start importing Assets/ShaderSample/Assets/Models/dragon.fbx using Guid(e2c4bb28fe6964f40b3b83cc2d8eec54) Importer(815301076,1909f56bfc062723c751e8b465ee728b)  -> (artifact id: '4eb4203c5076ef5a3cd4fa2a5abed607') in 0.101226 seconds 
  Import took 0.103310 seconds .

========================================================================
Received Import Request.
  Time since last request: 163.504697 seconds.
  path: Assets/Sharder/sample.shader
  artifactKey: Guid(159ac89528d0eb34a991b3ee697b6373) Importer(815301076,1909f56bfc062723c751e8b465ee728b)
Start importing Assets/Sharder/sample.shader using Guid(159ac89528d0eb34a991b3ee697b6373) Importer(815301076,1909f56bfc062723c751e8b465ee728b)  -> (artifact id: '88b541c6fa43af4c33a3bc2a9cce48b2') in 0.004092 seconds 
  Import took 0.007017 seconds .

========================================================================
Received Import Request.
  Time since last request: 260.105014 seconds.
  path: Assets/Sharder/sample.shader
  artifactKey: Guid(159ac89528d0eb34a991b3ee697b6373) Importer(815301076,1909f56bfc062723c751e8b465ee728b)
Start importing Assets/Sharder/sample.shader using Guid(159ac89528d0eb34a991b3ee697b6373) Importer(815301076,1909f56bfc062723c751e8b465ee728b)  -> (artifact id: 'b1cb8523f5aa9d210646735def763d4c') in 0.003861 seconds 
  Import took 0.006875 seconds .

========================================================================
Received Prepare
Registering precompiled user dll's ...
Registered in 0.004575 seconds.
Begin MonoManager ReloadAssembly
Native extension for WindowsStandalone target not found
Native extension for OSXStandalone target not found
Native extension for WebGL target not found
Refreshing native plugins compatible for Editor in 0.30 ms, found 2 plugins.
Preloading 0 native plugins for Editor in 0.00 ms.
Mono: successfully reloaded assembly
- Completed reload, in  0.828 seconds
Domain Reload Profiling:
	ReloadAssembly (829ms)
		BeginReloadAssembly (110ms)
			ExecutionOrderSort (0ms)
			DisableScriptedObjects (3ms)
			BackupInstance (0ms)
			ReleaseScriptingObjects (0ms)
			CreateAndSetChildDomain (33ms)
		EndReloadAssembly (665ms)
			LoadAssemblies (85ms)
			RebuildTransferFunctionScriptingTraits (0ms)
			SetupTypeCache (220ms)
			ReleaseScriptCaches (1ms)
			RebuildScriptCaches (30ms)
			SetupLoadedEditorAssemblies (257ms)
				LogAssemblyErrors (0ms)
				InitializePlatformSupportModulesInManaged (5ms)
				SetLoadedEditorAssemblies (0ms)
				RefreshPlugins (0ms)
				BeforeProcessingInitializeOnLoad (59ms)
				ProcessInitializeOnLoadAttributes (179ms)
				ProcessInitializeOnLoadMethodAttributes (8ms)
				AfterProcessingInitializeOnLoad (6ms)
				EditorAssembliesLoaded (0ms)
			ExecutionOrderSort2 (0ms)
			AwakeInstancesAfterBackupRestoration (5ms)
Platform modules already initialized, skipping
Refreshing native plugins compatible for Editor in 0.45 ms, found 2 plugins.
Preloading 0 native plugins for Editor in 0.00 ms.
Unloading 1498 Unused Serialized files (Serialized files now loaded: 0)
System memory in use before: 74.5 MB.
System memory in use after: 74.7 MB.

Unloading 14 unused Assets to reduce memory usage. Loaded Objects now: 1985.
Total: 2.333000 ms (FindLiveObjects: 0.129500 ms CreateObjectMapping: 0.041200 ms MarkObjects: 2.142800 ms  DeleteObjects: 0.018300 ms)

AssetImportParameters requested are different than current active one (requested -> active):
  custom:framework-win-MediaFoundation: 216162199b28c13a410421893ffa2e32 -> 
  custom:video-decoder-ogg-theora: a1e56fd34408186e4bbccfd4996cb3dc -> 
  custom:container-muxer-webm: aa71ff27fc2769a1b78a27578f13a17b -> 
  custom:container-demuxer-webm: 4f35f7cbe854078d1ac9338744f61a02 -> 
  custom:container-demuxer-ogg: 62fdf1f143b41e24485cea50d1cbac27 -> 
  custom:video-encoder-webm-vp8: eb34c28f22e8b96e1ab97ce403110664 -> 
  custom:video-decoder-webm-vp8: 9c59270c3fd7afecdb556c50c9e8de78 -> 
  custom:audio-decoder-ogg-vorbis: bf7c407c2cedff20999df2af8eb42d56 -> 
  custom:audio-encoder-webm-vorbis: bf7c407c2cedff20999df2af8eb42d56 -> 
========================================================================
Received Prepare
Registering precompiled user dll's ...
Registered in 0.005715 seconds.
Begin MonoManager ReloadAssembly
Native extension for WindowsStandalone target not found
Native extension for OSXStandalone target not found
Native extension for WebGL target not found
Refreshing native plugins compatible for Editor in 0.31 ms, found 2 plugins.
Preloading 0 native plugins for Editor in 0.00 ms.
Mono: successfully reloaded assembly
- Completed reload, in  0.774 seconds
Domain Reload Profiling:
	ReloadAssembly (774ms)
		BeginReloadAssembly (96ms)
			ExecutionOrderSort (0ms)
			DisableScriptedObjects (4ms)
			BackupInstance (0ms)
			ReleaseScriptingObjects (0ms)
			CreateAndSetChildDomain (28ms)
		EndReloadAssembly (625ms)
			LoadAssemblies (78ms)
			RebuildTransferFunctionScriptingTraits (0ms)
			SetupTypeCache (219ms)
			ReleaseScriptCaches (1ms)
			RebuildScriptCaches (32ms)
			SetupLoadedEditorAssemblies (230ms)
				LogAssemblyErrors (0ms)
				InitializePlatformSupportModulesInManaged (5ms)
				SetLoadedEditorAssemblies (0ms)
				RefreshPlugins (0ms)
				BeforeProcessingInitializeOnLoad (60ms)
				ProcessInitializeOnLoadAttributes (152ms)
				ProcessInitializeOnLoadMethodAttributes (6ms)
				AfterProcessingInitializeOnLoad (5ms)
				EditorAssembliesLoaded (0ms)
			ExecutionOrderSort2 (0ms)
			AwakeInstancesAfterBackupRestoration (5ms)
Platform modules already initialized, skipping
Refreshing native plugins compatible for Editor in 0.28 ms, found 2 plugins.
Preloading 0 native plugins for Editor in 0.00 ms.
Unloading 1497 Unused Serialized files (Serialized files now loaded: 0)
System memory in use before: 74.3 MB.
System memory in use after: 74.4 MB.

Unloading 14 unused Assets to reduce memory usage. Loaded Objects now: 1987.
Total: 2.016400 ms (FindLiveObjects: 0.100600 ms CreateObjectMapping: 0.034100 ms MarkObjects: 1.869400 ms  DeleteObjects: 0.011600 ms)

AssetImportParameters requested are different than current active one (requested -> active):
  custom:framework-win-MediaFoundation: 216162199b28c13a410421893ffa2e32 -> 
  custom:video-decoder-ogg-theora: a1e56fd34408186e4bbccfd4996cb3dc -> 
  custom:container-muxer-webm: aa71ff27fc2769a1b78a27578f13a17b -> 
  custom:container-demuxer-webm: 4f35f7cbe854078d1ac9338744f61a02 -> 
  custom:container-demuxer-ogg: 62fdf1f143b41e24485cea50d1cbac27 -> 
  custom:video-encoder-webm-vp8: eb34c28f22e8b96e1ab97ce403110664 -> 
  custom:video-decoder-webm-vp8: 9c59270c3fd7afecdb556c50c9e8de78 -> 
  custom:audio-decoder-ogg-vorbis: bf7c407c2cedff20999df2af8eb42d56 -> 
  custom:audio-encoder-webm-vorbis: bf7c407c2cedff20999df2af8eb42d56 -> 
========================================================================
Received Import Request.
  Time since last request: 736.975732 seconds.
  path: Assets/Sharder/toon.png
  artifactKey: Guid(46065499dc7f03e43ab7c9c75af54285) Importer(815301076,1909f56bfc062723c751e8b465ee728b)
Start importing Assets/Sharder/toon.png using Guid(46065499dc7f03e43ab7c9c75af54285) Importer(815301076,1909f56bfc062723c751e8b465ee728b)  -> (artifact id: 'ef2fcc848b608bc057827a3a3043c165') in 0.031461 seconds 
  Import took 0.033997 seconds .

========================================================================
Received Import Request.
  Time since last request: 144.615908 seconds.
  path: Assets/Sharder/sample.shader
  artifactKey: Guid(159ac89528d0eb34a991b3ee697b6373) Importer(815301076,1909f56bfc062723c751e8b465ee728b)
Start importing Assets/Sharder/sample.shader using Guid(159ac89528d0eb34a991b3ee697b6373) Importer(815301076,1909f56bfc062723c751e8b465ee728b)  -> (artifact id: '4e97b3db4a878082ad5563fce7620250') in 0.005140 seconds 
  Import took 0.007227 seconds .

========================================================================
Received Import Request.
  Time since last request: 135.654135 seconds.
  path: Assets/Sharder/sample.mat
  artifactKey: Guid(6ace8fca842060d4fa85fa4557f384d5) Importer(815301076,1909f56bfc062723c751e8b465ee728b)
Start importing Assets/Sharder/sample.mat using Guid(6ace8fca842060d4fa85fa4557f384d5) Importer(815301076,1909f56bfc062723c751e8b465ee728b)  -> (artifact id: '9b1daa61406ba3f7690a1146554f2fff') in 0.030448 seconds 
  Import took 0.032687 seconds .

========================================================================
Received Prepare
Registering precompiled user dll's ...
Registered in 0.004325 seconds.
Begin MonoManager ReloadAssembly
Native extension for WindowsStandalone target not found
Native extension for OSXStandalone target not found
Native extension for WebGL target not found
Refreshing native plugins compatible for Editor in 0.30 ms, found 2 plugins.
Preloading 0 native plugins for Editor in 0.00 ms.
Mono: successfully reloaded assembly
- Completed reload, in  0.758 seconds
Domain Reload Profiling:
	ReloadAssembly (758ms)
		BeginReloadAssembly (93ms)
			ExecutionOrderSort (0ms)
			DisableScriptedObjects (3ms)
			BackupInstance (0ms)
			ReleaseScriptingObjects (0ms)
			CreateAndSetChildDomain (28ms)
		EndReloadAssembly (614ms)
			LoadAssemblies (76ms)
			RebuildTransferFunctionScriptingTraits (0ms)
			SetupTypeCache (212ms)
			ReleaseScriptCaches (1ms)
			RebuildScriptCaches (31ms)
			SetupLoadedEditorAssemblies (227ms)
				LogAssemblyErrors (0ms)
				InitializePlatformSupportModulesInManaged (5ms)
				SetLoadedEditorAssemblies (0ms)
				RefreshPlugins (0ms)
				BeforeProcessingInitializeOnLoad (57ms)
				ProcessInitializeOnLoadAttributes (152ms)
				ProcessInitializeOnLoadMethodAttributes (7ms)
				AfterProcessingInitializeOnLoad (5ms)
				EditorAssembliesLoaded (0ms)
			ExecutionOrderSort2 (0ms)
			AwakeInstancesAfterBackupRestoration (5ms)
Platform modules already initialized, skipping
Refreshing native plugins compatible for Editor in 0.30 ms, found 2 plugins.
Preloading 0 native plugins for Editor in 0.00 ms.
Unloading 1497 Unused Serialized files (Serialized files now loaded: 0)
System memory in use before: 74.3 MB.
System memory in use after: 74.5 MB.

Unloading 14 unused Assets to reduce memory usage. Loaded Objects now: 1991.
Total: 2.066300 ms (FindLiveObjects: 0.122300 ms CreateObjectMapping: 0.040600 ms MarkObjects: 1.887900 ms  DeleteObjects: 0.014500 ms)

AssetImportParameters requested are different than current active one (requested -> active):
  custom:framework-win-MediaFoundation: 216162199b28c13a410421893ffa2e32 -> 
  custom:video-decoder-ogg-theora: a1e56fd34408186e4bbccfd4996cb3dc -> 
  custom:container-muxer-webm: aa71ff27fc2769a1b78a27578f13a17b -> 
  custom:container-demuxer-webm: 4f35f7cbe854078d1ac9338744f61a02 -> 
  custom:container-demuxer-ogg: 62fdf1f143b41e24485cea50d1cbac27 -> 
  custom:video-encoder-webm-vp8: eb34c28f22e8b96e1ab97ce403110664 -> 
  custom:video-decoder-webm-vp8: 9c59270c3fd7afecdb556c50c9e8de78 -> 
  custom:audio-decoder-ogg-vorbis: bf7c407c2cedff20999df2af8eb42d56 -> 
  custom:audio-encoder-webm-vorbis: bf7c407c2cedff20999df2af8eb42d56 -> 
========================================================================
Received Import Request.
  Time since last request: 1268.485437 seconds.
  path: Assets/Sharder/sample.shader
  artifactKey: Guid(159ac89528d0eb34a991b3ee697b6373) Importer(815301076,1909f56bfc062723c751e8b465ee728b)
Start importing Assets/Sharder/sample.shader using Guid(159ac89528d0eb34a991b3ee697b6373) Importer(815301076,1909f56bfc062723c751e8b465ee728b)  -> (artifact id: '995e5ca27c1962320740ab8779950f6b') in 0.012325 seconds 
  Import took 0.015446 seconds .

========================================================================
Received Import Request.
  Time since last request: 138.005617 seconds.
  path: Assets/Sharder/outline.shader
  artifactKey: Guid(b57805491b70f8740ba595da9499f961) Importer(815301076,1909f56bfc062723c751e8b465ee728b)
Start importing Assets/Sharder/outline.shader using Guid(b57805491b70f8740ba595da9499f961) Importer(815301076,1909f56bfc062723c751e8b465ee728b)  -> (artifact id: '51e439529ae5fc88113f3c266044e20e') in 0.007735 seconds 
  Import took 0.010718 seconds .

========================================================================
Received Import Request.
  Time since last request: 14.367553 seconds.
  path: Assets/Sharder/outline.mat
  artifactKey: Guid(c6c5ffc46befd1644adb9dcbbab6fb6b) Importer(815301076,1909f56bfc062723c751e8b465ee728b)
Start importing Assets/Sharder/outline.mat using Guid(c6c5ffc46befd1644adb9dcbbab6fb6b) Importer(815301076,1909f56bfc062723c751e8b465ee728b)  -> (artifact id: 'dd3b9a1957f2959ae2f73b5664f1524a') in 0.042559 seconds 
  Import took 0.049313 seconds .

========================================================================
Received Import Request.
  Time since last request: 30.712727 seconds.
  path: Assets/Sharder/outline.shader
  artifactKey: Guid(b57805491b70f8740ba595da9499f961) Importer(815301076,1909f56bfc062723c751e8b465ee728b)
Start importing Assets/Sharder/outline.shader using Guid(b57805491b70f8740ba595da9499f961) Importer(815301076,1909f56bfc062723c751e8b465ee728b)  -> (artifact id: '40acd1d48b7a70726766336012f79163') in 0.003129 seconds 
  Import took 0.005477 seconds .

========================================================================
Received Import Request.
  Time since last request: 277.243333 seconds.
  path: Assets/Sharder/sample.mat
  artifactKey: Guid(6ace8fca842060d4fa85fa4557f384d5) Importer(815301076,1909f56bfc062723c751e8b465ee728b)
Start importing Assets/Sharder/sample.mat using Guid(6ace8fca842060d4fa85fa4557f384d5) Importer(815301076,1909f56bfc062723c751e8b465ee728b)  -> (artifact id: '706cd5919b2158ea232092ca486e42f1') in 0.009444 seconds 
  Import took 0.011703 seconds .

========================================================================
Received Import Request.
  Time since last request: 280.898458 seconds.
  path: Assets/Sharder/outline.shader
  artifactKey: Guid(b57805491b70f8740ba595da9499f961) Importer(815301076,1909f56bfc062723c751e8b465ee728b)
Start importing Assets/Sharder/outline.shader using Guid(b57805491b70f8740ba595da9499f961) Importer(815301076,1909f56bfc062723c751e8b465ee728b)  -> (artifact id: '71ab9b8ee27ff041b06231371c9fa9b7') in 0.003730 seconds 
  Import took 0.006013 seconds .

========================================================================
Received Prepare
Registering precompiled user dll's ...
Registered in 0.004673 seconds.
Begin MonoManager ReloadAssembly
Native extension for WindowsStandalone target not found
Native extension for OSXStandalone target not found
Native extension for WebGL target not found
Refreshing native plugins compatible for Editor in 0.28 ms, found 2 plugins.
Preloading 0 native plugins for Editor in 0.00 ms.
Mono: successfully reloaded assembly
- Completed reload, in  0.768 seconds
Domain Reload Profiling:
	ReloadAssembly (768ms)
		BeginReloadAssembly (95ms)
			ExecutionOrderSort (0ms)
			DisableScriptedObjects (3ms)
			BackupInstance (0ms)
			ReleaseScriptingObjects (0ms)
			CreateAndSetChildDomain (28ms)
		EndReloadAssembly (625ms)
			LoadAssemblies (78ms)
			RebuildTransferFunctionScriptingTraits (0ms)
			SetupTypeCache (215ms)
			ReleaseScriptCaches (1ms)
			RebuildScriptCaches (30ms)
			SetupLoadedEditorAssemblies (228ms)
				LogAssemblyErrors (0ms)
				InitializePlatformSupportModulesInManaged (5ms)
				SetLoadedEditorAssemblies (0ms)
				RefreshPlugins (0ms)
				BeforeProcessingInitializeOnLoad (57ms)
				ProcessInitializeOnLoadAttributes (153ms)
				ProcessInitializeOnLoadMethodAttributes (7ms)
				AfterProcessingInitializeOnLoad (5ms)
				EditorAssembliesLoaded (0ms)
			ExecutionOrderSort2 (0ms)
			AwakeInstancesAfterBackupRestoration (5ms)
Platform modules already initialized, skipping
Refreshing native plugins compatible for Editor in 0.33 ms, found 2 plugins.
Preloading 0 native plugins for Editor in 0.00 ms.
Unloading 1498 Unused Serialized files (Serialized files now loaded: 0)
System memory in use before: 74.7 MB.
System memory in use after: 74.8 MB.

Unloading 14 unused Assets to reduce memory usage. Loaded Objects now: 1995.
Total: 2.435600 ms (FindLiveObjects: 0.163700 ms CreateObjectMapping: 0.051300 ms MarkObjects: 2.202900 ms  DeleteObjects: 0.016400 ms)

AssetImportParameters requested are different than current active one (requested -> active):
  custom:framework-win-MediaFoundation: 216162199b28c13a410421893ffa2e32 -> 
  custom:video-decoder-ogg-theora: a1e56fd34408186e4bbccfd4996cb3dc -> 
  custom:container-muxer-webm: aa71ff27fc2769a1b78a27578f13a17b -> 
  custom:container-demuxer-webm: 4f35f7cbe854078d1ac9338744f61a02 -> 
  custom:container-demuxer-ogg: 62fdf1f143b41e24485cea50d1cbac27 -> 
  custom:video-encoder-webm-vp8: eb34c28f22e8b96e1ab97ce403110664 -> 
  custom:video-decoder-webm-vp8: 9c59270c3fd7afecdb556c50c9e8de78 -> 
  custom:audio-decoder-ogg-vorbis: bf7c407c2cedff20999df2af8eb42d56 -> 
  custom:audio-encoder-webm-vorbis: bf7c407c2cedff20999df2af8eb42d56 -> 
AssetImportWorkerClient::OnTransportError - code=2 error=End of file
